<?xml version="1.0" encoding="UTF-8"?>
<!-- Generated by org.testng.reporters.JUnitReportReporter -->
<testsuite hostname="IN-GDJ9WP3" failures="0" tests="1" name="test.SearchTest" time="10.746" errors="0" timestamp="2023-08-11T23:49:14 IST" skipped="0">
  <testcase classname="test.SearchTest" name="search" time="10.746"/>
  <system-out/>
</testsuite> <!-- test.SearchTest -->
